<?xml version="1.0" encoding="UTF-8"?>
<!-- Generated by org.testng.reporters.JUnitXMLReporter -->
<testsuite ignored="0" hostname="Bharath" failures="1" tests="6" name="ChromeTest" time="48.931" errors="0" timestamp="2022-06-07T21:39:41 IST">
  <testcase classname="com.application.test.ApplicationTest" name="verifyApplicationTitle" time="2.797">
    <failure type="java.lang.AssertionError" message="expected [ParaBank | Customer Lookup] but found [ParaBank | Welcome | Online Banking]">
      <![CDATA[java.lang.AssertionError: expected [ParaBank | Customer Lookup] but found [ParaBank | Welcome | Online Banking]
at com.application.pages.LoginPage.verifyTitle(LoginPage.java:46)
at com.application.test.ApplicationTest.verifyApplicationTitle(ApplicationTest.java:19)
at java.base/java.util.ArrayList.forEach(ArrayList.java:1511)
at java.base/java.util.concurrent.FutureTask.run(FutureTask.java:264)
at java.base/java.util.concurrent.ThreadPoolExecutor.runWorker(ThreadPoolExecutor.java:1136)
at java.base/java.util.concurrent.ThreadPoolExecutor$Worker.run(ThreadPoolExecutor.java:635)
at java.base/java.lang.Thread.run(Thread.java:833)
... Removed 24 stack frames]]>
    </failure>
  </testcase> <!-- verifyApplicationTitle -->
  <testcase classname="com.application.test.ApplicationTest" name="verifyApplicationCaption" time="5.782"/>
  <testcase classname="com.application.test.ApplicationTest" name="verifyApplicationLogin" time="9.861"/>
  <testcase classname="com.application.test.ApplicationTest" name="verifyApplicationLogin" time="8.654"/>
  <testcase classname="com.application.test.ApplicationTest" name="verifyRegistrationPage" time="4.57"/>
  <testcase classname="com.application.test.ApplicationTest" name="verifyForgotPassword" time="6.052"/>
</testsuite> <!-- ChromeTest -->
